Arguments: 
  /Users/michael/.nvm/versions/node/v12.9.1/bin/node /Users/michael/.nvm/versions/node/v12.9.1/bin/yarn add quart-cors

PATH: 
  /usr/local/Caskroom/miniconda/base/condabin:/usr/local/opt/gettext/bin:/Users/michael/.poetry/bin:/Users/michael/.nvm/versions/node/v12.9.1/bin:/Users/michael/.cargo/bin:/Users/michael/.local/google-cloud-sdk/bin:/usr/local/Cellar/pyenv-virtualenv/1.1.5/shims:/Users/michael/.pyenv/shims:/usr/local/heroku/bin:/Users/michael/.fastlane/bin:/Users/michael/.poetry/bin:/usr/local/bin:/opt/bin:/usr/local/bin:/usr/bin:/bin:/usr/sbin:/sbin:/opt/X11/bin:/Library/Apple/usr/bin:/var/lib/gems/1.8/bin:/Users/michael/Library/Android/sdk//platform-tools:/Users/michael/Library/Android/sdk//tools:/Users/michael/.go/bin

Yarn version: 
  1.22.5

Node version: 
  12.9.1

Platform: 
  darwin x64

Trace: 
  Error: https://registry.yarnpkg.com/quart-cors: Not found
      at Request.params.callback [as _callback] (/Users/michael/.nvm/versions/node/v12.9.1/lib/node_modules/yarn/lib/cli.js:66988:18)
      at Request.self.callback (/Users/michael/.nvm/versions/node/v12.9.1/lib/node_modules/yarn/lib/cli.js:140662:22)
      at Request.emit (events.js:209:13)
      at Request.<anonymous> (/Users/michael/.nvm/versions/node/v12.9.1/lib/node_modules/yarn/lib/cli.js:141634:10)
      at Request.emit (events.js:209:13)
      at IncomingMessage.<anonymous> (/Users/michael/.nvm/versions/node/v12.9.1/lib/node_modules/yarn/lib/cli.js:141556:12)
      at Object.onceWrapper (events.js:297:20)
      at IncomingMessage.emit (events.js:214:15)
      at endReadableNT (_stream_readable.js:1178:12)
      at processTicksAndRejections (internal/process/task_queues.js:77:11)

npm manifest: 
  No manifest

yarn manifest: 
  No manifest

Lockfile: 
  No lockfile
